<?xml version="1.0" encoding="UTF-8"?>
<!-- Generated by org.testng.reporters.JUnitXMLReporter -->
<testsuite ignored="0" hostname="admin-PC" failures="0" tests="4" name="BrowserTest" time="89.056" errors="0" timestamp="06 Aug 2019 00:15:27 GMT">
  <testcase classname="Pavan2.BrowserTesting_DataProvider2" name="Test3" time="25.675"/>
  <testcase classname="Pavan2.BrowserTesting_DataProvider2" name="Test3" time="7.464"/>
  <testcase classname="Pavan2.BrowserTesting_DataProvider2" name="Test3" time="6.096"/>
  <testcase classname="Pavan2.BrowserTesting_DataProvider2" name="Test3" time="5.278"/>
</testsuite> <!-- BrowserTest -->
