<?xml version="1.0" encoding="UTF-8"?>
<!-- Generated by org.testng.reporters.JUnitXMLReporter -->
<testsuite ignored="0" hostname="Saryu-PC" failures="0" tests="2" name="TC01_Add_Nationality" time="29.457" errors="0" timestamp="22 Dec 2019 23:08:19 GMT">
  <testcase classname="TestCases.TC01_Add_Nationality" name="Nationality_call_allmethods" time="14.725"/>
  <testcase classname="TestCases.TC01_Add_Nationality" name="Nationality_call_allmethods" time="4.445"/>
</testsuite> <!-- TC01_Add_Nationality -->
